/home/xchen/GANs/DCGAN-PyTorch/samples/1126_mnist_100kepochs_hatano

[(8600, 63.92100717411358),
 (18300, 64.54481085163235),
 (9300, 64.6175117320112),
 (9200, 64.74002499285655),
 (8100, 65.77178237928109),
 (7600, 66.99429732941618),
 (8300, 67.06471744902478),
 (20200, 67.38398272013566),
 (7500, 67.78993317054707),
 (27400, 67.83042749947987),
 (29500, 68.00624824605117),
 (17000, 68.20427563381827),
 (22500, 68.64695838498085),
 (33000, 68.66120133719977),
 (31400, 68.74507060266046),
 (24500, 68.77624840748064),
 (17900, 68.89393480748237),
 (14100, 69.04423168618914),
 (12000, 69.4932678368493),
 (19000, 69.53633047486522),
 (22200, 69.68631023598485),
 (15400, 69.69700964460884),
 (30300, 69.76608877841355),
 (6700, 69.84055445970148),
 (6400, 70.03156738454433),
 (17300, 70.03551448644097),
 (26000, 70.18955429418426),
 (13100, 70.41040639260072),
 (24100, 70.69378038932149),
 (7000, 70.71967393801737),
 (8500, 70.73402728850436),
 (32200, 70.86914372881873),
 (21200, 70.88979851853497),
 (18100, 70.92890234243109),
 (31500, 70.95314153245914),
 (7700, 71.0791000289752),
 (3900, 71.08851178777002),
 (4800, 71.14918487377724),
 (33900, 71.42561882378914),
 (27700, 71.43005590112872),
 (20000, 71.57382928662628),
 (25900, 71.7451473491154),
 (4000, 71.96263110296084),
 (27300, 72.08704989547115),
 (25500, 72.2812050037557),
 (33500, 72.31326159783117),
 (22600, 72.31395708581016),
 (5400, 72.38954640954273),
 (28700, 72.40013828738498),
 (3400, 72.52552556192774),
 (24000, 72.54952866512721),
 (25800, 72.5716139182546),
 (23200, 72.59895748977866),
 (13300, 72.67540940531396),
 (9100, 72.82976225901069),
 (21800, 73.10746983217356),
 (22300, 73.11082354868842),
 (19400, 73.11455153538844),
 (13600, 73.31342740466386),
 (33600, 73.3297368415626),
 (18400, 73.51762672341533),
 (12800, 73.66009713875837),
 (6200, 73.83767724896273),
 (28200, 73.87961439328694),
 (20600, 73.92667650576482),
 (18900, 73.96434542470942),
 (4500, 73.9919460248903),
 (7200, 74.0151833201499),
 (22700, 74.11146541490973),
 (7800, 74.20877598046064),
 (20100, 74.25570471929143),
 (8200, 74.2607218591726),
 (4200, 74.33027722640952),
 (16500, 74.39337299690129),
 (8400, 74.46025719362973),
 (8800, 74.5229013737696),
 (27600, 74.52455783755426),
 (17200, 74.52594358245949),
 (16700, 74.59513708268878),
 (17700, 74.73825950282188),
 (30600, 74.79969560744985),
 (16200, 74.89258043329593),
 (32500, 74.93907714776353),
 (5100, 74.96954925325437),
 (25600, 74.97713530550342),
 (24600, 75.00081278281294),
 (31000, 75.03421591096662),
 (21500, 75.1535172468449),
 (21300, 75.16264830901781),
 (17500, 75.1936628705001),
 (14200, 75.2139012719752),
 (26300, 75.43653249288741),
 (12900, 75.43905875139541),
 (16100, 75.44719263115053),
 (24800, 75.50684573329713),
 (3100, 75.60369495929845),
 (28000, 75.984182130004),
 (30000, 76.2023156343167),
 (11600, 76.23336864133654),
 (21400, 76.25454571276481),
 (18700, 76.31827812247869),
 (31600, 76.35487212852212),
 (19900, 76.35789839833265),
 (17600, 76.40560718796138),
 (23500, 76.47107080462155),
 (15900, 76.54099087071296),
 (21600, 76.67154343590994),
 (28300, 76.7091326604968),
 (27500, 76.81358796022624),
 (9500, 76.86923230405895),
 (20400, 76.89469555521345),
 (7900, 76.898278080381),
 (27000, 76.9169522340552),
 (15600, 77.0955744155159),
 (8700, 77.105979382899),
 (30800, 77.24715843291892),
 (29900, 77.27657234389392),
 (15500, 77.2880105524136),
 (23100, 77.30134576444266),
 (33700, 77.31331394502348),
 (12700, 77.3325107054495),
 (6300, 77.39260755830992),
 (26700, 77.5511708454066),
 (25000, 77.5578236061217),
 (5500, 77.5688541172571),
 (18500, 77.71945345197861),
 (13000, 77.72278547044797),
 (23400, 77.80301254110347),
 (26600, 77.84503480273398),
 (32000, 78.01871522556235),
 (21000, 78.04411201205687),
 (33400, 78.05245944089665),
 (30700, 78.12540622314418),
 (20700, 78.21588629640192),
 (32300, 78.25707962332422),
 (16900, 78.27427074465751),
 (12600, 78.29539072507472),
 (6800, 78.3264510139976),
 (14500, 78.4413630232026),
 (20500, 78.46595434869567),
 (5600, 78.47677306640892),
 (23600, 78.5576555964106),
 (33100, 78.57913221975289),
 (13700, 78.62752874530494),
 (26200, 78.89024384533136),
 (4600, 79.01204968210658),
 (28500, 79.04444168302842),
 (31300, 79.06446383362504),
 (29300, 79.10243462608378),
 (25300, 79.20416822344902),
 (3200, 79.22045491814657),
 (25700, 79.23056448463802),
 (13900, 79.39513203325873),
 (14700, 79.41524920279147),
 (19200, 79.4992046694889),
 (29800, 79.54134779649706),
 (12300, 79.6262313148305),
 (11900, 79.67519345288565),
 (16800, 79.80709139384473),
 (32800, 79.9904678400591),
 (31700, 80.0574444858658),
 (13800, 80.0884329700502),
 (19100, 80.24362277283143),
 (28900, 80.28934889056015),
 (29000, 80.49995534345373),
 (17400, 80.57339881289795),
 (8900, 80.5949049333199),
 (24300, 80.6207752121245),
 (19700, 80.63394918380499),
 (27800, 80.70608020002359),
 (28100, 80.92596830906444),
 (29400, 80.96217503807597),
 (9000, 81.00696522985439),
 (20900, 81.03333236945457),
 (29600, 81.05497814933477),
 (2200, 81.05524529638586),
 (4900, 81.07200030003287),
 (16400, 81.20063253660413),
 (18000, 81.28249404563542),
 (31100, 81.30150335517396),
 (3300, 81.6301651946275),
 (19600, 82.04886007389985),
 (27100, 82.19266039462892),
 (9400, 82.19493512481438),
 (24700, 82.21234341488031),
 (2800, 82.21747280771066),
 (15100, 82.29123463230582),
 (22000, 82.53492948968383),
 (23300, 82.60233992894308),
 (23800, 82.61519610452868),
 (2600, 82.76009160772415),
 (27200, 83.12804651234032),
 (26100, 83.16630339081186),
 (13200, 83.19524783270114),
 (21100, 83.21905886468824),
 (16600, 83.41768166678281),
 (21700, 83.6361614648377),
 (28400, 83.68015672035494),
 (12400, 83.68194960776776),
 (14000, 83.8059795753961),
 (7300, 83.8522786503896),
 (14800, 83.86350293908802),
 (11100, 84.1507361019097),
 (12100, 84.2857363300827),
 (25100, 84.45944832003579),
 (16300, 84.52407595300002),
 (30900, 84.57153322160113),
 (22400, 85.03854025446657),
 (29100, 85.24781151623253),
 (11500, 85.45189687873463),
 (4700, 85.88468155969224),
 (2900, 86.00356363115364),
 (11300, 86.09973826996864),
 (5300, 86.32940492840794),
 (33200, 86.54991801966025),
 (29200, 86.57726289093591),
 (6100, 86.59589720731469),
 (6000, 87.10445696698508),
 (14900, 87.3593838315862),
 (30500, 87.68024775777073),
 (18200, 87.69815561388822),
 (4300, 88.12300551507374),
 (5200, 88.50778373259851),
 (11800, 88.73905730180306),
 (5000, 88.79682441987455),
 (26900, 88.80069669671622),
 (7400, 89.02212197581787),
 (19800, 89.05610583480293),
 (11200, 89.59943500726459),
 (2300, 89.73193163139274),
 (18800, 89.74248137800868),
 (31800, 90.18240195396243),
 (10700, 90.72855478794847),
 (3500, 90.92431622999266),
 (10400, 91.02773918788893),
 (1800, 91.08573525995271),
 (15800, 91.33602004041336),
 (26400, 91.82243878784433),
 (14300, 91.92233493534275),
 (20300, 92.50893762041807),
 (14600, 92.94158744486629),
 (18600, 93.14906862032893),
 (13500, 93.18972412656865),
 (11700, 93.84388718605305),
 (23900, 93.91167335469282),
 (24200, 93.96221788855186),
 (5800, 94.42510745430513),
 (6500, 94.59694495031147),
 (2700, 94.6927528344994),
 (22900, 95.02485174860851),
 (15700, 95.09384348799395),
 (32400, 95.23618071559838),
 (22100, 95.72179557746506),
 (30400, 95.80814671150537),
 (27900, 95.85018204014776),
 (7100, 96.45226405045022),
 (3000, 96.48646213897851),
 (10800, 96.6577924578254),
 (16000, 96.86869349130404),
 (10500, 97.16472148832514),
 (23700, 97.29709492104877),
 (17800, 97.39622894702819),
 (1300, 97.6543191442652),
 (24400, 97.88392567435804),
 (33800, 98.22461465402299),
 (1400, 98.3562123946879),
 (1900, 98.78168244430708),
 (33300, 98.83798916233982),
 (28800, 98.86630063154755),
 (2000, 99.05152286765733),
 (4100, 99.1393780120689),
 (32600, 99.22199637159216),
 (32900, 99.52439005790572),
 (20800, 99.58869453538836),
 (15000, 100.22355492188356),
 (2400, 100.22583028736818),
 (6600, 100.64791208873325),
 (14400, 101.66293241884622),
 (6900, 101.90297645678493),
 (13400, 102.51477966874899),
 (30100, 102.61681612899292),
 (26800, 102.63631980086424),
 (5900, 103.31246882992085),
 (12500, 103.60386823582832),
 (4400, 106.64066219247519),
 (5700, 106.85916447097378),
 (31200, 107.5970452149445),
 (19300, 107.93038729738566),
 (10100, 108.22920557352046),
 (2500, 108.68247065790479),
 (1000, 108.730463818587),
 (1500, 109.08275634217568),
 (29700, 109.22883632147625),
 (1700, 112.77533536466586),
 (17100, 113.23157852151667),
 (1600, 113.42472900069117),
 (25400, 113.78035081216308),
 (19500, 113.90358800209543),
 (26500, 114.55403078777078),
 (10600, 114.82033620442206),
 (32100, 116.64726108906345),
 (11400, 117.4029904510856),
 (12200, 118.74890242114648),
 (1200, 120.77331097024052),
 (3800, 121.91137654793954),
 (9600, 123.90169934646286),
 (15300, 124.43679767969047),
 (700, 125.43005530164311),
 (25200, 129.6678278550416),
 (8000, 131.95113685948036),
 (21900, 131.97665939531944),
 (10300, 132.16805227752394),
 (10000, 132.25161233978133),
 (28600, 132.54252297929807),
 (31900, 133.51589960754188),
 (500, 135.7014487513771),
 (900, 135.80375741985776),
 (24900, 137.61141267351962),
 (22800, 138.09898168231436),
 (600, 138.64725997692824),
 (800, 139.70944047448663),
 (30200, 140.60034740394298),
 (15200, 144.4286520088444),
 (32700, 146.27957892805716),
 (3700, 146.533730630781),
 (400, 147.02776490934673),
 (10900, 147.6328772061479),
 (11000, 168.67104602313728),
 (300, 171.3389622268001),
 (23000, 176.27438385658616),
 (10200, 180.731109354692),
 (9900, 181.0635441731356),
 (200, 193.15657665033766),
 (100, 221.1600918072764),
 (9800, 256.7191963286001),
 (2100, 264.22066877955757),
 (9700, 311.1567128830784),
 (1100, 374.3183938390163),
 (0, 394.25708332263116),
 (3600, 417.45606023167267)]
